
N= 0
0 (0, 1) [[-0.35789419-0.75595842j  1.02409547-2.03214277j]
 [-0.92411494+0.34426419j -0.44832265+0.69359752j]]

N= 1
1 (0, 1) [[-0.19484096+2.39298048j -2.51932478+3.43567034j]
 [ 0.82072911-0.25699727j  2.5422972 -1.1737108j ]]
1 (2, 1) [[ 0.83653292+0.03452232j -0.06038664+0.26772074j]
 [ 0.21234704-0.39139645j  0.52362109-0.96733448j]]
N-m,m= 0 1
1 (0, 2) [[ 0.69017282-2.77159914j  0.95236926-1.5744842j ]
 [-0.76650564+0.21992295j  0.52687226-1.60858193j]]
1 (2, 1) [[ 0.49894302-0.41936537j -0.10457809+1.31368078j]
 [ 0.20227938+0.10956352j  0.86121098-0.5134468j ]]

N= 2
2 (0, 1) [[ 2.65292252-2.1839595j   1.11471557-1.89463196j]
 [ 0.09589482-0.35694058j -4.15550763+0.49629506j]]
2 (2, 1) [[-0.56923132-0.90390392j -1.05069149-1.03614719j]
 [-1.23628628+0.53768965j -1.51971511+0.81898133j]]
N-m,m= 1 1
2 (0, 2) [[-3.02409358+4.75140972j -3.40984016+0.44110113j]
 [ 2.43332164-1.43140632j  0.00743669-0.3585037j ]]
2 (2, 1) [[-0.80886659+0.27502181j  1.06853665-3.06216246j]
 [ 0.5733036 -0.31213365j -1.54915602+0.62322497j]]
2 (2, 2) [[ 1.16085796+2.39001941j  0.43729991+3.93139103j]
 [ 1.1314104 -1.63258622j -0.25810692-0.49317996j]]
2 (4, 1) [[-0.57777146+0.70514176j -0.94724014-0.28810073j]
 [ 0.32491499-0.41029995j -0.81937732+0.75428497j]]
2 (0, 3) [[ 2.68028269-2.25306827j  4.26039268+2.87447394j]
 [-0.50746715-2.1686351j  -0.54143955-2.869472j  ]]
2 (2, 2) [[ 0.06578948+0.52594883j -0.86908101+2.66702424j]
 [ 0.48338763-0.65049068j  0.38558604+0.42247089j]]
N-m,m= 0 2
2 (0, 2) [[-2.02387866-0.12882519j -3.63453157+4.66244184j]
 [-0.06683074+1.59910866j  0.22426684+0.14155014j]]
2 (1, 1) [[-0.00650186-0.03104488j -0.102378  -0.02617687j]
 [-0.00102217-0.02702841j  0.03790978+0.04863829j]]
2 (2, 1) [[ 0.54418   -1.28607332j  0.58301955-0.95697737j]
 [-0.39026243+0.45108614j -0.10785209+0.31486858j]]
dict_keys([(0, 1)])
[[-0.35789419-0.75595842j  1.02409547-2.03214277j]
 [-0.92411494+0.34426419j -0.44832265+0.69359752j]]
[[-0.35789419-0.75595842j  1.02409547-2.03214277j]
 [-0.92411494+0.34426419j -0.44832265+0.69359752j]]

dict_keys([(0, 1), (2, 1), (0, 2)])
[[-0.19484096+2.39298048j -2.51932478+3.43567034j]
 [ 0.82072911-0.25699727j  2.5422972 -1.1737108j ]]
[[-0.19484096+2.39298048j -2.51932478+3.43567034j]
 [ 0.82072911-0.25699727j  2.5422972 -1.1737108j ]]

[[ 1.33547594-0.38484304j -0.16496473+1.58140152j]
 [ 0.41462642-0.28183293j  1.38483207-1.48078128j]]
[[ 1.33547594-0.38484304j -0.16496473+1.58140152j]
 [ 0.41462642-0.28183293j  1.38483207-1.48078128j]]

[[ 0.69017282-2.77159914j  0.95236926-1.5744842j ]
 [-0.76650564+0.21992295j  0.52687226-1.60858193j]]
[[ 0.69017282-2.77159914j  0.95236926-1.5744842j ]
 [-0.76650564+0.21992295j  0.52687226-1.60858193j]]

dict_keys([(0, 1), (2, 1), (0, 2), (2, 2), (4, 1), (0, 3), (1, 1)])
[[ 2.65292252-2.1839595j   1.11471557-1.89463196j]
 [ 0.09589482-0.35694058j -4.15550763+0.49629506j]]
[[ 2.65292252-2.1839595j   1.11471557-1.89463196j]
 [ 0.09589482-0.35694058j -4.15550763+0.49629506j]]

[[-0.00650186-0.03104488j -0.102378  -0.02617687j]
 [-0.00102217-0.02702841j  0.03790978+0.04863829j]]
[[-0.00650186-0.03104488j -0.102378  -0.02617687j]
 [-0.00102217-0.02702841j  0.03790978+0.04863829j]]

[[-5.04797225+4.62258454j -7.04437173+5.10354297j]
 [ 2.3664909 +0.16770234j  0.23170353-0.21695357j]]
[[-5.04797225+4.62258454j -7.04437173+5.10354297j]
 [ 2.3664909 +0.16770234j  0.23170353-0.21695357j]]

[[-0.83391791-1.91495542j  0.60086471-5.05528703j]
 [-1.05324511+0.67664215j -3.17672322+1.75707488j]]
[[-0.83391791-1.91495542j  0.60086471-5.05528703j]
 [-1.05324511+0.67664215j -3.17672322+1.75707488j]]

[[ 2.68028269-2.25306827j  4.26039268+2.87447394j]
 [-0.50746715-2.1686351j  -0.54143955-2.869472j  ]]
[[ 2.68028269-2.25306827j  4.26039268+2.87447394j]
 [-0.50746715-2.1686351j  -0.54143955-2.869472j  ]]

C1 [[ 0.83653292+0.03452232j -0.06038664+0.26772074j]
 [ 0.21234704-0.39139645j  0.52362109-0.96733448j]]
Y1 [[ 0.35789419+0.75595842j -1.02409547+2.03214277j]
 [ 0.92411494-0.34426419j  0.44832265-0.69359752j]]
C1Y1 [[ 0.30965529+0.91293313j -0.76822611+1.82650947j]
 [ 0.52274466-1.05374522j  0.14172022+0.03548659j]]
X0D1Y1 [[ 0.85120266+1.47708627j  1.20552602+2.10488156j]
 [ 0.60866574-0.57884101j -0.39982715-0.52866655j]]
X0Y1D1 [[ 0.06578948+0.52594883j -0.86908101+2.66702424j]
 [ 0.48338763-0.65049068j  0.38558604+0.42247089j]]
[[ 1.22664743+2.91596824j -0.4317811 +6.59841528j]
 [ 1.61479803-2.28307691j  0.12747911-0.07070907j]]
[[ 1.22664743+2.91596824j -0.4317811 +6.59841528j]
 [ 1.61479803-2.28307691j  0.12747911-0.07070907j]]

[[-0.57777146+0.70514176j -0.94724014-0.28810073j]
 [ 0.32491499-0.41029995j -0.81937732+0.75428497j]]
[[-0.57777146+0.70514176j -0.94724014-0.28810073j]
 [ 0.32491499-0.41029995j -0.81937732+0.75428497j]]


N= 0
p,q= 0 1
F1 [[-0.35789419-0.75595842j  1.02409547-2.03214277j]
 [-0.92411494+0.34426419j -0.44832265+0.69359752j]]
F2 [[-0.35789419-0.75595842j  1.02409547-2.03214277j]
 [-0.92411494+0.34426419j -0.44832265+0.69359752j]]

N= 1
p,q= 0 1
F1 [[-0.19484096+2.39298048j -2.51932478+3.43567034j]
 [ 0.82072911-0.25699727j  2.5422972 -1.1737108j ]]
F2 [[-0.19484096+2.39298048j -2.51932478+3.43567034j]
 [ 0.82072911-0.25699727j  2.5422972 -1.1737108j ]]
p,q= 2 1
F1 [[ 1.33547594-0.38484304j -0.16496473+1.58140152j]
 [ 0.41462642-0.28183293j  1.38483207-1.48078128j]]
F2 [[ 1.33547594-0.38484304j -0.16496473+1.58140152j]
 [ 0.41462642-0.28183293j  1.38483207-1.48078128j]]
p,q= 0 2
F1 [[ 0.69017282-2.77159914j  0.95236926-1.5744842j ]
 [-0.76650564+0.21992295j  0.52687226-1.60858193j]]
F2 [[ 0.69017282-2.77159914j  0.95236926-1.5744842j ]
 [-0.76650564+0.21992295j  0.52687226-1.60858193j]]

N= 2
p,q= 0 1
F1 [[ 2.65292252-2.1839595j   1.11471557-1.89463196j]
 [ 0.09589482-0.35694058j -4.15550763+0.49629506j]]
F2 [[ 2.65292252-2.1839595j   1.11471557-1.89463196j]
 [ 0.09589482-0.35694058j -4.15550763+0.49629506j]]
p,q= 2 1
F1 [[-0.83391791-1.91495542j  0.60086471-5.05528703j]
 [-1.05324511+0.67664215j -3.17672322+1.75707488j]]
F2 [[-0.83391791-1.91495542j  0.60086471-5.05528703j]
 [-1.05324511+0.67664215j -3.17672322+1.75707488j]]
p,q= 0 2
F1 [[-5.04797225+4.62258454j -7.04437173+5.10354297j]
 [ 2.3664909 +0.16770234j  0.23170353-0.21695357j]]
F2 [[-5.04797225+4.62258454j -7.04437173+5.10354297j]
 [ 2.3664909 +0.16770234j  0.23170353-0.21695357j]]
p,q= 2 2
C,Y 1 1
[[ 1.33547594-0.38484304j -0.16496473+1.58140152j]
 [ 0.41462642-0.28183293j  1.38483207-1.48078128j]]
[[ 0.35789419+0.75595842j -1.02409547+2.03214277j]
 [ 0.92411494-0.34426419j  0.44832265-0.69359752j]]
[[ 1.16085796+2.39001941j  0.43729991+3.93139103j]
 [ 1.1314104 -1.63258622j -0.25810692-0.49317996j]]
C,Y 0 2
[[0.+0.j 0.+0.j]
 [0.+0.j 0.+0.j]]
[[ 0.85191327-1.3917518j   1.32660168-1.56908934j]
 [-0.13858924-0.25832277j -2.39315267+0.23484303j]]
[[0.+0.j 0.+0.j]
 [0.+0.j 0.+0.j]]
X,DY 0 1 1
[[ 0.85120266+1.47708627j  1.20552602+2.10488156j]
 [ 0.60866574-0.57884101j -0.39982715-0.52866655j]]
[[ 0.06578948+0.52594883j -0.86908101+2.66702424j]
 [ 0.48338763-0.65049068j  0.38558604+0.42247089j]]
F1 [[ 1.22664743+2.91596824j -0.4317811 +6.59841528j]
 [ 1.61479803-2.28307691j  0.12747911-0.07070907j]]
F2 [[ 2.0778501 +4.39305451j  0.77374492+8.70329684j]
 [ 2.22346377-2.86191791j -0.27234803-0.59937562j]]
